<?xml version="1.0" encoding="UTF-8"?>
<!-- Generated by org.testng.reporters.JUnitReportReporter -->
<testsuite hostname="DESKTOP-ID744D8" failures="0" tests="1" name="testCases.TC002_LoginTest" time="3.236" errors="0" timestamp="2024-10-24T21:00:08 IST" skipped="0">
  <testcase classname="testCases.TC002_LoginTest" name="verify_Login" time="3.236"/>
</testsuite> <!-- testCases.TC002_LoginTest -->
