<?xml version="1.0" encoding="UTF-8"?>
<!-- Generated by org.testng.reporters.JUnitReportReporter -->
<testsuite hostname="DESKTOP-ID744D8" failures="0" tests="1" name="testCases.TC001_AccountRegistrationTest" time="3.537" errors="0" timestamp="2024-10-24T21:00:08 IST" skipped="0">
  <testcase classname="testCases.TC001_AccountRegistrationTest" name="verify_account_registration" time="3.537"/>
</testsuite> <!-- testCases.TC001_AccountRegistrationTest -->
