<?xml version="1.0" encoding="UTF-8"?>
<!-- Generated by org.testng.reporters.JUnitReportReporter -->
<testsuite hostname="DESKTOP-ID744D8" failures="0" tests="1" name="testCases.TC002_LoginTest" time="2.426" errors="0" timestamp="2024-10-24T22:25:45 IST" skipped="0">
  <testcase classname="testCases.TC002_LoginTest" name="verify_Login" time="2.426"/>
</testsuite> <!-- testCases.TC002_LoginTest -->
